<?xml version="1.0" encoding="UTF-8"?>
<!-- Generated by org.testng.reporters.JUnitXMLReporter -->
<testsuite ignored="0" hostname="DESKTOP-GMAKHNM" failures="0" tests="1" name="Test" time="0.05" errors="0" timestamp="2023-04-06T13:25:59 IST">
  <testcase classname="com.demoshop.automation.generic.Base_class1" name="@BeforeMethod oppapp" time="-1.68076775904E9">
    <failure type="org.testng.TestNGException" message="
Parameter &amp;apos;key&amp;apos; is required by BeforeMethod on method oppapp but has not been marked @Optional or defined
in C:\New folder\Demoshop\testng.xml">
      <![CDATA[org.testng.TestNGException: 
Parameter 'key' is required by BeforeMethod on method oppapp but has not been marked @Optional or defined
in C:\New folder\Demoshop\testng.xml
at java.base/java.util.ArrayList.forEach(ArrayList.java:1511)
... Removed 28 stack frames]]>
    </failure>
  </testcase> <!-- @BeforeMethod oppapp -->
  <testcase classname="com.demoshop.automation.generic.Base_class1" name="@AfterMethod closeapp" time="-1.680767759054E9">
    <skipped/>
  </testcase> <!-- @AfterMethod closeapp -->
  <testcase classname="com.demoshop.automatiom.testscripts.Scipt1" name="login" time="0.0">
    <skipped/>
  </testcase> <!-- login -->
</testsuite> <!-- Test -->
